<?xml version="1.0" encoding="UTF-8"?>
<testsuite xmlns:xsi="http://www.w3.org/2001/XMLSchema-instance" xsi:noNamespaceSchemaLocation="https://maven.apache.org/surefire/maven-surefire-plugin/xsd/surefire-test-report.xsd" name="examples.users.UsersRunner" time="4.626" tests="1" errors="0" skipped="0" failures="0">
  <properties>
    <property name="java.specification.version" value="17"/>
    <property name="sun.jnu.encoding" value="UTF-8"/>
    <property name="java.class.path" value="/home/zeufack/programming/java/testing/karate/ztrain/target/test-classes:/home/zeufack/programming/java/testing/karate/ztrain/target/classes:/home/zeufack/.m2/repository/com/intuit/karate/karate-junit5/1.0.1/karate-junit5-1.0.1.jar:/home/zeufack/.m2/repository/com/intuit/karate/karate-core/1.0.1/karate-core-1.0.1.jar:/home/zeufack/.m2/repository/org/graalvm/js/js-scriptengine/21.0.0/js-scriptengine-21.0.0.jar:/home/zeufack/.m2/repository/org/graalvm/sdk/graal-sdk/21.0.0/graal-sdk-21.0.0.jar:/home/zeufack/.m2/repository/org/graalvm/js/js/21.0.0/js-21.0.0.jar:/home/zeufack/.m2/repository/org/graalvm/regex/regex/21.0.0/regex-21.0.0.jar:/home/zeufack/.m2/repository/org/graalvm/truffle/truffle-api/21.0.0/truffle-api-21.0.0.jar:/home/zeufack/.m2/repository/com/ibm/icu/icu4j/67.1/icu4j-67.1.jar:/home/zeufack/.m2/repository/ch/qos/logback/logback-classic/1.2.3/logback-classic-1.2.3.jar:/home/zeufack/.m2/repository/ch/qos/logback/logback-core/1.2.3/logback-core-1.2.3.jar:/home/zeufack/.m2/repository/org/slf4j/slf4j-api/1.7.25/slf4j-api-1.7.25.jar:/home/zeufack/.m2/repository/org/slf4j/jcl-over-slf4j/1.7.25/jcl-over-slf4j-1.7.25.jar:/home/zeufack/.m2/repository/com/jayway/jsonpath/json-path/2.5.0/json-path-2.5.0.jar:/home/zeufack/.m2/repository/net/minidev/json-smart/2.3/json-smart-2.3.jar:/home/zeufack/.m2/repository/net/minidev/accessors-smart/1.2/accessors-smart-1.2.jar:/home/zeufack/.m2/repository/org/ow2/asm/asm/5.0.4/asm-5.0.4.jar:/home/zeufack/.m2/repository/info/cukes/cucumber-java/1.2.5/cucumber-java-1.2.5.jar:/home/zeufack/.m2/repository/info/cukes/cucumber-core/1.2.5/cucumber-core-1.2.5.jar:/home/zeufack/.m2/repository/org/yaml/snakeyaml/1.27/snakeyaml-1.27.jar:/home/zeufack/.m2/repository/de/siegmar/fastcsv/1.0.4/fastcsv-1.0.4.jar:/home/zeufack/.m2/repository/info/picocli/picocli/4.5.2/picocli-4.5.2.jar:/home/zeufack/.m2/repository/org/junit/jupiter/junit-jupiter-api/5.7.0/junit-jupiter-api-5.7.0.jar:/home/zeufack/.m2/repository/org/apiguardian/apiguardian-api/1.1.0/apiguardian-api-1.1.0.jar:/home/zeufack/.m2/repository/org/opentest4j/opentest4j/1.2.0/opentest4j-1.2.0.jar:/home/zeufack/.m2/repository/org/junit/platform/junit-platform-commons/1.7.0/junit-platform-commons-1.7.0.jar:/home/zeufack/.m2/repository/org/junit/jupiter/junit-jupiter-engine/5.7.0/junit-jupiter-engine-5.7.0.jar:/home/zeufack/.m2/repository/org/junit/platform/junit-platform-engine/1.7.0/junit-platform-engine-1.7.0.jar:"/>
    <property name="java.vm.vendor" value="Oracle Corporation"/>
    <property name="sun.arch.data.model" value="64"/>
    <property name="java.vendor.url" value="https://java.oracle.com/"/>
    <property name="os.name" value="Linux"/>
    <property name="java.vm.specification.version" value="17"/>
    <property name="sun.java.launcher" value="SUN_STANDARD"/>
    <property name="user.country" value="US"/>
    <property name="sun.boot.library.path" value="/usr/lib/jvm/jdk-17/lib"/>
    <property name="sun.java.command" value="/home/zeufack/programming/java/testing/karate/ztrain/target/surefire/surefirebooter8786214211219286649.jar /home/zeufack/programming/java/testing/karate/ztrain/target/surefire 2022-03-31T12-10-08_149-jvmRun1 surefire15457348140119681282tmp surefire_015159241798013862150tmp"/>
    <property name="jdk.debug" value="release"/>
    <property name="test" value="UsersRunner"/>
    <property name="surefire.test.class.path" value="/home/zeufack/programming/java/testing/karate/ztrain/target/test-classes:/home/zeufack/programming/java/testing/karate/ztrain/target/classes:/home/zeufack/.m2/repository/com/intuit/karate/karate-junit5/1.0.1/karate-junit5-1.0.1.jar:/home/zeufack/.m2/repository/com/intuit/karate/karate-core/1.0.1/karate-core-1.0.1.jar:/home/zeufack/.m2/repository/org/graalvm/js/js-scriptengine/21.0.0/js-scriptengine-21.0.0.jar:/home/zeufack/.m2/repository/org/graalvm/sdk/graal-sdk/21.0.0/graal-sdk-21.0.0.jar:/home/zeufack/.m2/repository/org/graalvm/js/js/21.0.0/js-21.0.0.jar:/home/zeufack/.m2/repository/org/graalvm/regex/regex/21.0.0/regex-21.0.0.jar:/home/zeufack/.m2/repository/org/graalvm/truffle/truffle-api/21.0.0/truffle-api-21.0.0.jar:/home/zeufack/.m2/repository/com/ibm/icu/icu4j/67.1/icu4j-67.1.jar:/home/zeufack/.m2/repository/ch/qos/logback/logback-classic/1.2.3/logback-classic-1.2.3.jar:/home/zeufack/.m2/repository/ch/qos/logback/logback-core/1.2.3/logback-core-1.2.3.jar:/home/zeufack/.m2/repository/org/slf4j/slf4j-api/1.7.25/slf4j-api-1.7.25.jar:/home/zeufack/.m2/repository/org/slf4j/jcl-over-slf4j/1.7.25/jcl-over-slf4j-1.7.25.jar:/home/zeufack/.m2/repository/com/jayway/jsonpath/json-path/2.5.0/json-path-2.5.0.jar:/home/zeufack/.m2/repository/net/minidev/json-smart/2.3/json-smart-2.3.jar:/home/zeufack/.m2/repository/net/minidev/accessors-smart/1.2/accessors-smart-1.2.jar:/home/zeufack/.m2/repository/org/ow2/asm/asm/5.0.4/asm-5.0.4.jar:/home/zeufack/.m2/repository/info/cukes/cucumber-java/1.2.5/cucumber-java-1.2.5.jar:/home/zeufack/.m2/repository/info/cukes/cucumber-core/1.2.5/cucumber-core-1.2.5.jar:/home/zeufack/.m2/repository/org/yaml/snakeyaml/1.27/snakeyaml-1.27.jar:/home/zeufack/.m2/repository/de/siegmar/fastcsv/1.0.4/fastcsv-1.0.4.jar:/home/zeufack/.m2/repository/info/picocli/picocli/4.5.2/picocli-4.5.2.jar:/home/zeufack/.m2/repository/org/junit/jupiter/junit-jupiter-api/5.7.0/junit-jupiter-api-5.7.0.jar:/home/zeufack/.m2/repository/org/apiguardian/apiguardian-api/1.1.0/apiguardian-api-1.1.0.jar:/home/zeufack/.m2/repository/org/opentest4j/opentest4j/1.2.0/opentest4j-1.2.0.jar:/home/zeufack/.m2/repository/org/junit/platform/junit-platform-commons/1.7.0/junit-platform-commons-1.7.0.jar:/home/zeufack/.m2/repository/org/junit/jupiter/junit-jupiter-engine/5.7.0/junit-jupiter-engine-5.7.0.jar:/home/zeufack/.m2/repository/org/junit/platform/junit-platform-engine/1.7.0/junit-platform-engine-1.7.0.jar:"/>
    <property name="sun.cpu.endian" value="little"/>
    <property name="user.home" value="/home/zeufack"/>
    <property name="user.language" value="en"/>
    <property name="java.specification.vendor" value="Oracle Corporation"/>
    <property name="java.version.date" value="2022-01-18"/>
    <property name="java.home" value="/usr/lib/jvm/jdk-17"/>
    <property name="file.separator" value="/"/>
    <property name="basedir" value="/home/zeufack/programming/java/testing/karate/ztrain"/>
    <property name="java.vm.compressedOopsMode" value="32-bit"/>
    <property name="line.separator" value="&#10;"/>
    <property name="java.vm.specification.vendor" value="Oracle Corporation"/>
    <property name="java.specification.name" value="Java Platform API Specification"/>
    <property name="karate.options" value="/home/zeufack/programming/java/testing/karate/ztrain/src/test/java/examples/users/users.feature:7"/>
    <property name="surefire.real.class.path" value="/home/zeufack/programming/java/testing/karate/ztrain/target/surefire/surefirebooter8786214211219286649.jar"/>
    <property name="sun.management.compiler" value="HotSpot 64-Bit Tiered Compilers"/>
    <property name="java.runtime.version" value="17.0.2+8-LTS-86"/>
    <property name="user.name" value="zeufack"/>
    <property name="path.separator" value=":"/>
    <property name="os.version" value="5.10.0-13-amd64"/>
    <property name="java.runtime.name" value="Java(TM) SE Runtime Environment"/>
    <property name="file.encoding" value="UTF-8"/>
    <property name="java.vm.name" value="Java HotSpot(TM) 64-Bit Server VM"/>
    <property name="localRepository" value="/home/zeufack/.m2/repository"/>
    <property name="java.vendor.url.bug" value="https://bugreport.java.com/bugreport/"/>
    <property name="java.io.tmpdir" value="/tmp"/>
    <property name="java.version" value="17.0.2"/>
    <property name="user.dir" value="/home/zeufack/programming/java/testing/karate/ztrain"/>
    <property name="os.arch" value="amd64"/>
    <property name="java.vm.specification.name" value="Java Virtual Machine Specification"/>
    <property name="native.encoding" value="UTF-8"/>
    <property name="java.library.path" value="/usr/java/packages/lib:/usr/lib64:/lib64:/lib:/usr/lib"/>
    <property name="java.vm.info" value="mixed mode, sharing"/>
    <property name="java.vendor" value="Oracle Corporation"/>
    <property name="java.vm.version" value="17.0.2+8-LTS-86"/>
    <property name="sun.io.unicode.encoding" value="UnicodeLittle"/>
    <property name="java.class.version" value="61.0"/>
  </properties>
  <testcase name="testUsers[1][1]" classname="examples.users.UsersRunner" time="4.006"/>
</testsuite>